<?xml version="1.0" encoding="UTF-8"?>
<!-- Generated by org.testng.reporters.JUnitXMLReporter -->
<testsuite ignored="8" hostname="DESKTOP-7UUT0JG" failures="0" tests="5" name="class" time="0.08" errors="0" timestamp="2022-05-20T15:36:55 IST">
  <testcase classname="com.sdet34L1.genericUtility.BaseTestNGClass" name="@BeforeClass beforeclass1Test" time="-1.653041215315E9">
    <failure type="org.testng.TestNGException" message="
Parameter &amp;apos;browser&amp;apos; is required by BeforeClass on method beforeclass1Test but has not been marked @Optional or defined
in D:\TYworkspace01\SDET34L1\testng_group_execution.xml">
      <![CDATA[org.testng.TestNGException: 
Parameter 'browser' is required by BeforeClass on method beforeclass1Test but has not been marked @Optional or defined
in D:\TYworkspace01\SDET34L1\testng_group_execution.xml
at java.base/java.util.ArrayList.forEach(ArrayList.java:1511)
... Removed 22 stack frames]]>
    </failure>
  </testcase> <!-- @BeforeClass beforeclass1Test -->
  <testcase classname="com.sdet34L1.genericUtility.BaseTestNGClass" name="@BeforeMethod beforeMethod1Test" time="-1.65304121533E9">
    <skipped/>
  </testcase> <!-- @BeforeMethod beforeMethod1Test -->
  <testcase classname="com.sdet34L1.genericUtility.BaseTestNGClass" name="@AfterMethod afterMethod1Test" time="-1.653041215335E9">
    <skipped/>
  </testcase> <!-- @AfterMethod afterMethod1Test -->
  <testcase classname="com.sdet34L1.genericUtility.BaseTestNGClass" name="@AfterClass afterClass1Test" time="-1.653041215338E9">
    <skipped/>
  </testcase> <!-- @AfterClass afterClass1Test -->
  <testcase classname="com.sdet34L1.genericUtility.BaseTestNGClass" name="@BeforeClass beforeclass1Test" time="-1.653041215342E9">
    <failure type="org.testng.TestNGException" message="
Parameter &amp;apos;browser&amp;apos; is required by BeforeClass on method beforeclass1Test but has not been marked @Optional or defined
in D:\TYworkspace01\SDET34L1\testng_group_execution.xml">
      <![CDATA[org.testng.TestNGException: 
Parameter 'browser' is required by BeforeClass on method beforeclass1Test but has not been marked @Optional or defined
in D:\TYworkspace01\SDET34L1\testng_group_execution.xml
at java.base/java.util.ArrayList.forEach(ArrayList.java:1511)
... Removed 22 stack frames]]>
    </failure>
  </testcase> <!-- @BeforeClass beforeclass1Test -->
  <testcase classname="com.sdet34L1.genericUtility.BaseTestNGClass" name="@BeforeMethod beforeMethod1Test" time="-1.653041215344E9">
    <skipped/>
  </testcase> <!-- @BeforeMethod beforeMethod1Test -->
  <testcase classname="com.sdet34L1.genericUtility.BaseTestNGClass" name="@AfterMethod afterMethod1Test" time="-1.653041215352E9">
    <skipped/>
  </testcase> <!-- @AfterMethod afterMethod1Test -->
  <testcase classname="com.sdet34L1.genericUtility.BaseTestNGClass" name="@AfterClass afterClass1Test" time="-1.653041215355E9">
    <skipped/>
  </testcase> <!-- @AfterClass afterClass1Test -->
  <testcase classname="com.sdet34L1.genericUtility.BaseTestNGClass" name="@BeforeClass beforeclass1Test" time="-1.653041215358E9">
    <failure type="org.testng.TestNGException" message="
Parameter &amp;apos;browser&amp;apos; is required by BeforeClass on method beforeclass1Test but has not been marked @Optional or defined
in D:\TYworkspace01\SDET34L1\testng_group_execution.xml">
      <![CDATA[org.testng.TestNGException: 
Parameter 'browser' is required by BeforeClass on method beforeclass1Test but has not been marked @Optional or defined
in D:\TYworkspace01\SDET34L1\testng_group_execution.xml
at java.base/java.util.ArrayList.forEach(ArrayList.java:1511)
... Removed 22 stack frames]]>
    </failure>
  </testcase> <!-- @BeforeClass beforeclass1Test -->
  <testcase classname="com.sdet34L1.genericUtility.BaseTestNGClass" name="@BeforeMethod beforeMethod1Test" time="-1.65304121536E9">
    <skipped/>
  </testcase> <!-- @BeforeMethod beforeMethod1Test -->
  <testcase classname="com.sdet34L1.genericUtility.BaseTestNGClass" name="@AfterMethod afterMethod1Test" time="-1.653041215364E9">
    <skipped/>
  </testcase> <!-- @AfterMethod afterMethod1Test -->
  <testcase classname="com.sdet34L1.genericUtility.BaseTestNGClass" name="@AfterClass afterClass1Test" time="-1.653041215366E9">
    <skipped/>
  </testcase> <!-- @AfterClass afterClass1Test -->
  <testcase classname="com.sdet34L1.genericUtility.BaseTestNGClass" name="@BeforeClass beforeclass1Test" time="-1.653041215367E9">
    <failure type="org.testng.TestNGException" message="
Parameter &amp;apos;browser&amp;apos; is required by BeforeClass on method beforeclass1Test but has not been marked @Optional or defined
in D:\TYworkspace01\SDET34L1\testng_group_execution.xml">
      <![CDATA[org.testng.TestNGException: 
Parameter 'browser' is required by BeforeClass on method beforeclass1Test but has not been marked @Optional or defined
in D:\TYworkspace01\SDET34L1\testng_group_execution.xml
at java.base/java.util.ArrayList.forEach(ArrayList.java:1511)
... Removed 22 stack frames]]>
    </failure>
  </testcase> <!-- @BeforeClass beforeclass1Test -->
  <testcase classname="com.sdet34L1.genericUtility.BaseTestNGClass" name="@BeforeMethod beforeMethod1Test" time="-1.653041215369E9">
    <skipped/>
  </testcase> <!-- @BeforeMethod beforeMethod1Test -->
  <testcase classname="com.sdet34L1.genericUtility.BaseTestNGClass" name="@AfterMethod afterMethod1Test" time="-1.653041215372E9">
    <skipped/>
  </testcase> <!-- @AfterMethod afterMethod1Test -->
  <testcase classname="com.sdet34L1.genericUtility.BaseTestNGClass" name="@AfterClass afterClass1Test" time="-1.653041215374E9">
    <skipped/>
  </testcase> <!-- @AfterClass afterClass1Test -->
  <testcase classname="com.sdet34L1.genericUtility.BaseTestNGClass" name="@BeforeClass beforeclass1Test" time="-1.653041215375E9">
    <failure type="org.testng.TestNGException" message="
Parameter &amp;apos;browser&amp;apos; is required by BeforeClass on method beforeclass1Test but has not been marked @Optional or defined
in D:\TYworkspace01\SDET34L1\testng_group_execution.xml">
      <![CDATA[org.testng.TestNGException: 
Parameter 'browser' is required by BeforeClass on method beforeclass1Test but has not been marked @Optional or defined
in D:\TYworkspace01\SDET34L1\testng_group_execution.xml
at java.base/java.util.ArrayList.forEach(ArrayList.java:1511)
... Removed 22 stack frames]]>
    </failure>
  </testcase> <!-- @BeforeClass beforeclass1Test -->
  <testcase classname="com.sdet34L1.genericUtility.BaseTestNGClass" name="@BeforeMethod beforeMethod1Test" time="-1.653041215378E9">
    <skipped/>
  </testcase> <!-- @BeforeMethod beforeMethod1Test -->
  <testcase classname="com.sdet34L1.genericUtility.BaseTestNGClass" name="@AfterMethod afterMethod1Test" time="-1.653041215382E9">
    <skipped/>
  </testcase> <!-- @AfterMethod afterMethod1Test -->
  <testcase classname="com.sdet34L1.genericUtility.BaseTestNGClass" name="@AfterClass afterClass1Test" time="-1.653041215382E9">
    <skipped/>
  </testcase> <!-- @AfterClass afterClass1Test -->
  <testcase classname="com.vtiger.DocumentsTest.CreateDocumentTest" name="createDocumentTest" time="0.0">
    <skipped/>
  </testcase> <!-- createDocumentTest -->
  <testcase classname="com.vtiger.campagnTest.CreateCampaignTest" name="createCampaignTest" time="0.0">
    <skipped/>
  </testcase> <!-- createCampaignTest -->
  <testcase classname="com.vtiger.productsTest.CreateProductsTest" name="createProductTest" time="0.0">
    <skipped/>
  </testcase> <!-- createProductTest -->
  <testcase classname="com.vitiger.contactsTest.CreateContactsTest" name="createContactTest" time="0.0">
    <skipped/>
  </testcase> <!-- createContactTest -->
  <testcase classname="com.vitiger.organizationTest.CreateOrganizationTest" name="createOrganizationTest" time="0.0">
    <skipped/>
  </testcase> <!-- createOrganizationTest -->
  <testcase classname="com.sdet34L1.genericUtility.BaseTestNGClass" name="@BeforeSuite beforesuite1Test" time="0.0">
    <ignored/>
  </testcase> <!-- @BeforeSuite beforesuite1Test -->
  <testcase classname="com.sdet34L1.genericUtility.BaseTestNGClass" name="@BeforeSuite beforesuite1Test" time="0.0">
    <ignored/>
  </testcase> <!-- @BeforeSuite beforesuite1Test -->
  <testcase classname="com.sdet34L1.genericUtility.BaseTestNGClass" name="@BeforeSuite beforesuite1Test" time="0.0">
    <ignored/>
  </testcase> <!-- @BeforeSuite beforesuite1Test -->
  <testcase classname="com.sdet34L1.genericUtility.BaseTestNGClass" name="@BeforeSuite beforesuite1Test" time="0.0">
    <ignored/>
  </testcase> <!-- @BeforeSuite beforesuite1Test -->
  <testcase classname="com.sdet34L1.genericUtility.BaseTestNGClass" name="@AfterSuite aftersuite1Test" time="0.0">
    <ignored/>
  </testcase> <!-- @AfterSuite aftersuite1Test -->
  <testcase classname="com.sdet34L1.genericUtility.BaseTestNGClass" name="@AfterSuite aftersuite1Test" time="0.0">
    <ignored/>
  </testcase> <!-- @AfterSuite aftersuite1Test -->
  <testcase classname="com.sdet34L1.genericUtility.BaseTestNGClass" name="@AfterSuite aftersuite1Test" time="0.0">
    <ignored/>
  </testcase> <!-- @AfterSuite aftersuite1Test -->
  <testcase classname="com.sdet34L1.genericUtility.BaseTestNGClass" name="@AfterSuite aftersuite1Test" time="0.0">
    <ignored/>
  </testcase> <!-- @AfterSuite aftersuite1Test -->
</testsuite> <!-- class -->
